<html>
<head>
<title>TestNG:  Test</title>
<link href="../testng.css" rel="stylesheet" type="text/css" />
<link href="../my-testng.css" rel="stylesheet" type="text/css" />

<style type="text/css">
.log { display: none;} 
.stack-trace { display: none;} 
</style>
<script type="text/javascript">
<!--
function flip(e) {
  current = e.style.display;
  if (current == 'block') {
    e.style.display = 'none';
    return 0;
  }
  else {
    e.style.display = 'block';
    return 1;
  }
}

function toggleBox(szDivId, elem, msg1, msg2)
{
  var res = -1;  if (document.getElementById) {
    res = flip(document.getElementById(szDivId));
  }
  else if (document.all) {
    // this is the way old msie versions work
    res = flip(document.all[szDivId]);
  }
  if(elem) {
    if(res == 0) elem.innerHTML = msg1; else elem.innerHTML = msg2;
  }

}

function toggleAllBoxes() {
  if (document.getElementsByTagName) {
    d = document.getElementsByTagName('div');
    for (i = 0; i < d.length; i++) {
      if (d[i].className == 'log') {
        flip(d[i]);
      }
    }
  }
}

// -->
</script>

</head>
<body>
<h2 align='center'>Test</h2><table border='1' align="center">
<tr>
<td>Tests passed/Failed/Skipped:</td><td>4/0/8</td>
</tr><tr>
<td>Started on:</td><td>Thu Nov 09 21:28:16 IST 2017</td>
</tr>
<tr><td>Total time:</td><td>114 seconds (114216 ms)</td>
</tr><tr>
<td>Included groups:</td><td></td>
</tr><tr>
<td>Excluded groups:</td><td></td>
</tr>
</table><p/>
<small><i>(Hover the method name to see the test class name)</i></small><p/>
<table width='100%' border='1' class='invocation-passed'>
<tr><td colspan='4' align='center'><b>PASSED TESTS</b></td></tr>
<tr><td><b>Test method</b></td>
<td width="30%"><b>Exception</b></td>
<td width="10%"><b>Time (seconds)</b></td>
<td><b>Instance</b></td>
</tr>
<tr>
<td title='hybridFramework.uiautomation.loginpage.TC001.logintosite()'><b>logintosite</b><br>Test class: hybridFramework.uiautomation.loginpage.TC001<br>Parameters: megha@gmail.com, password, y</td>
<td></td>
<td>10</td>
<td>hybridFramework.uiautomation.loginpage.TC001@6e1567f1</td></tr>
<tr>
<td title='hybridFramework.uiautomation.productpage.TC001_SelectProduct.logintowebsite()'><b>logintowebsite</b><br>Test class: hybridFramework.uiautomation.productpage.TC001_SelectProduct<br>Parameters: megha@gmail.com, password, y</td>
<td></td>
<td>8</td>
<td>hybridFramework.uiautomation.productpage.TC001_SelectProduct@5cb9f472</td></tr>
<tr>
<td title='hybridFramework.uiautomation.productpage.TC001_SelectProduct.productdetails()'><b>productdetails</b><br>Test class: hybridFramework.uiautomation.productpage.TC001_SelectProduct<br>Parameters: 0, y</td>
<td></td>
<td>9</td>
<td>hybridFramework.uiautomation.productpage.TC001_SelectProduct@5cb9f472</td></tr>
<tr>
<td title='hybridFramework.uiautomation.registrationpage.TC003.registrationPage()'><b>registrationPage</b><br>Test class: hybridFramework.uiautomation.registrationpage.TC003<br>Parameters: sushant2@gmail.com, Sushant , Jain, password, 5, 7, 6, megha, jain, amsterdam, udaipur, 7, 20345, 0645072609, rajasthan</td>
<td></td>
<td>19</td>
<td>hybridFramework.uiautomation.registrationpage.TC003@cb644e</td></tr>
</table><p>
<table width='100%' border='1' class='invocation-skipped'>
<tr><td colspan='4' align='center'><b>SKIPPED TESTS</b></td></tr>
<tr><td><b>Test method</b></td>
<td width="30%"><b>Exception</b></td>
<td width="10%"><b>Time (seconds)</b></td>
<td><b>Instance</b></td>
</tr>
<tr>
<td title='hybridFramework.uiautomation.loginpage.TC001.logintosite()'><b>logintosite</b><br>Test class: hybridFramework.uiautomation.loginpage.TC001<br>Parameters: megha08jan@gmail.com, password, n</td>
<td><div><pre>org.testng.SkipException: mark it as no run
	at hybridFramework.uiautomation.loginpage.TC001.logintosite(TC001.java:44)
	at java.util.concurrent.ThreadPoolExecutor.runWorker(Unknown Source)
	at java.util.concurrent.ThreadPoolExecutor$Worker.run(Unknown Source)
	at java.lang.Thread.run(Unknown Source)
... Removed 10 stack frames</pre></div><a href='#' onClick='toggleBox("stack-trace865597238", this, "Click to show all stack frames", "Click to hide stack frames")'>Click to show all stack frames</a>
<div class='stack-trace' id='stack-trace865597238'><pre>org.testng.SkipException: mark it as no run
	at hybridFramework.uiautomation.loginpage.TC001.logintosite(TC001.java:44)
	at sun.reflect.NativeMethodAccessorImpl.invoke0(Native Method)
	at sun.reflect.NativeMethodAccessorImpl.invoke(Unknown Source)
	at sun.reflect.DelegatingMethodAccessorImpl.invoke(Unknown Source)
	at java.lang.reflect.Method.invoke(Unknown Source)
	at org.testng.internal.MethodInvocationHelper.invokeMethod(MethodInvocationHelper.java:104)
	at org.testng.internal.Invoker.invokeMethod(Invoker.java:645)
	at org.testng.internal.Invoker.invokeTestMethod(Invoker.java:851)
	at org.testng.internal.Invoker.invokeTestMethods(Invoker.java:1177)
	at org.testng.internal.TestMethodWorker.invokeTestMethods(TestMethodWorker.java:129)
	at org.testng.internal.TestMethodWorker.run(TestMethodWorker.java:112)
	at java.util.concurrent.ThreadPoolExecutor.runWorker(Unknown Source)
	at java.util.concurrent.ThreadPoolExecutor$Worker.run(Unknown Source)
	at java.lang.Thread.run(Unknown Source)
</pre></div></td>
<td>0</td>
<td>hybridFramework.uiautomation.loginpage.TC001@6e1567f1</td></tr>
<tr>
<td title='hybridFramework.uiautomation.productpage.TC001_SelectProduct.logintowebsite()'><b>logintowebsite</b><br>Test class: hybridFramework.uiautomation.productpage.TC001_SelectProduct<br>Parameters: megha08jan@gmail.com, password, n</td>
<td><div><pre>org.testng.SkipException: masrked as no run
	at hybridFramework.uiautomation.productpage.TC001_SelectProduct.logintowebsite(TC001_SelectProduct.java:47)
	at java.util.concurrent.ThreadPoolExecutor.runWorker(Unknown Source)
	at java.util.concurrent.ThreadPoolExecutor$Worker.run(Unknown Source)
	at java.lang.Thread.run(Unknown Source)
... Removed 10 stack frames</pre></div><a href='#' onClick='toggleBox("stack-trace483415528", this, "Click to show all stack frames", "Click to hide stack frames")'>Click to show all stack frames</a>
<div class='stack-trace' id='stack-trace483415528'><pre>org.testng.SkipException: masrked as no run
	at hybridFramework.uiautomation.productpage.TC001_SelectProduct.logintowebsite(TC001_SelectProduct.java:47)
	at sun.reflect.NativeMethodAccessorImpl.invoke0(Native Method)
	at sun.reflect.NativeMethodAccessorImpl.invoke(Unknown Source)
	at sun.reflect.DelegatingMethodAccessorImpl.invoke(Unknown Source)
	at java.lang.reflect.Method.invoke(Unknown Source)
	at org.testng.internal.MethodInvocationHelper.invokeMethod(MethodInvocationHelper.java:104)
	at org.testng.internal.Invoker.invokeMethod(Invoker.java:645)
	at org.testng.internal.Invoker.invokeTestMethod(Invoker.java:851)
	at org.testng.internal.Invoker.invokeTestMethods(Invoker.java:1177)
	at org.testng.internal.TestMethodWorker.invokeTestMethods(TestMethodWorker.java:129)
	at org.testng.internal.TestMethodWorker.run(TestMethodWorker.java:112)
	at java.util.concurrent.ThreadPoolExecutor.runWorker(Unknown Source)
	at java.util.concurrent.ThreadPoolExecutor$Worker.run(Unknown Source)
	at java.lang.Thread.run(Unknown Source)
</pre></div></td>
<td>0</td>
<td>hybridFramework.uiautomation.productpage.TC001_SelectProduct@5cb9f472</td></tr>
<tr>
<td title='hybridFramework.uiautomation.productpage.TC001_SelectProduct.productdetails()'><b>productdetails</b><br>Test class: hybridFramework.uiautomation.productpage.TC001_SelectProduct<br>Parameters: 1, n</td>
<td><div><pre>org.testng.SkipException: masrked as no run
	at hybridFramework.uiautomation.productpage.TC001_SelectProduct.productdetails(TC001_SelectProduct.java:82)
	at java.util.concurrent.ThreadPoolExecutor.runWorker(Unknown Source)
	at java.util.concurrent.ThreadPoolExecutor$Worker.run(Unknown Source)
	at java.lang.Thread.run(Unknown Source)
... Removed 10 stack frames</pre></div><a href='#' onClick='toggleBox("stack-trace1620390009", this, "Click to show all stack frames", "Click to hide stack frames")'>Click to show all stack frames</a>
<div class='stack-trace' id='stack-trace1620390009'><pre>org.testng.SkipException: masrked as no run
	at hybridFramework.uiautomation.productpage.TC001_SelectProduct.productdetails(TC001_SelectProduct.java:82)
	at sun.reflect.NativeMethodAccessorImpl.invoke0(Native Method)
	at sun.reflect.NativeMethodAccessorImpl.invoke(Unknown Source)
	at sun.reflect.DelegatingMethodAccessorImpl.invoke(Unknown Source)
	at java.lang.reflect.Method.invoke(Unknown Source)
	at org.testng.internal.MethodInvocationHelper.invokeMethod(MethodInvocationHelper.java:104)
	at org.testng.internal.Invoker.invokeMethod(Invoker.java:645)
	at org.testng.internal.Invoker.invokeTestMethod(Invoker.java:851)
	at org.testng.internal.Invoker.invokeTestMethods(Invoker.java:1177)
	at org.testng.internal.TestMethodWorker.invokeTestMethods(TestMethodWorker.java:129)
	at org.testng.internal.TestMethodWorker.run(TestMethodWorker.java:112)
	at java.util.concurrent.ThreadPoolExecutor.runWorker(Unknown Source)
	at java.util.concurrent.ThreadPoolExecutor$Worker.run(Unknown Source)
	at java.lang.Thread.run(Unknown Source)
</pre></div></td>
<td>0</td>
<td>hybridFramework.uiautomation.productpage.TC001_SelectProduct@5cb9f472</td></tr>
<tr>
<td title='hybridFramework.uiautomation.productpage.TC001_SelectProduct.productdetails()'><b>productdetails</b><br>Test class: hybridFramework.uiautomation.productpage.TC001_SelectProduct<br>Parameters: 2, n</td>
<td><div><pre>org.testng.SkipException: masrked as no run
	at hybridFramework.uiautomation.productpage.TC001_SelectProduct.productdetails(TC001_SelectProduct.java:82)
	at java.util.concurrent.ThreadPoolExecutor.runWorker(Unknown Source)
	at java.util.concurrent.ThreadPoolExecutor$Worker.run(Unknown Source)
	at java.lang.Thread.run(Unknown Source)
... Removed 10 stack frames</pre></div><a href='#' onClick='toggleBox("stack-trace42293829", this, "Click to show all stack frames", "Click to hide stack frames")'>Click to show all stack frames</a>
<div class='stack-trace' id='stack-trace42293829'><pre>org.testng.SkipException: masrked as no run
	at hybridFramework.uiautomation.productpage.TC001_SelectProduct.productdetails(TC001_SelectProduct.java:82)
	at sun.reflect.NativeMethodAccessorImpl.invoke0(Native Method)
	at sun.reflect.NativeMethodAccessorImpl.invoke(Unknown Source)
	at sun.reflect.DelegatingMethodAccessorImpl.invoke(Unknown Source)
	at java.lang.reflect.Method.invoke(Unknown Source)
	at org.testng.internal.MethodInvocationHelper.invokeMethod(MethodInvocationHelper.java:104)
	at org.testng.internal.Invoker.invokeMethod(Invoker.java:645)
	at org.testng.internal.Invoker.invokeTestMethod(Invoker.java:851)
	at org.testng.internal.Invoker.invokeTestMethods(Invoker.java:1177)
	at org.testng.internal.TestMethodWorker.invokeTestMethods(TestMethodWorker.java:129)
	at org.testng.internal.TestMethodWorker.run(TestMethodWorker.java:112)
	at java.util.concurrent.ThreadPoolExecutor.runWorker(Unknown Source)
	at java.util.concurrent.ThreadPoolExecutor$Worker.run(Unknown Source)
	at java.lang.Thread.run(Unknown Source)
</pre></div></td>
<td>0</td>
<td>hybridFramework.uiautomation.productpage.TC001_SelectProduct@5cb9f472</td></tr>
<tr>
<td title='hybridFramework.uiautomation.productpage.TC001_SelectProduct.productdetails()'><b>productdetails</b><br>Test class: hybridFramework.uiautomation.productpage.TC001_SelectProduct<br>Parameters: 4, n</td>
<td><div><pre>org.testng.SkipException: masrked as no run
	at hybridFramework.uiautomation.productpage.TC001_SelectProduct.productdetails(TC001_SelectProduct.java:82)
	at java.util.concurrent.ThreadPoolExecutor.runWorker(Unknown Source)
	at java.util.concurrent.ThreadPoolExecutor$Worker.run(Unknown Source)
	at java.lang.Thread.run(Unknown Source)
... Removed 10 stack frames</pre></div><a href='#' onClick='toggleBox("stack-trace571340151", this, "Click to show all stack frames", "Click to hide stack frames")'>Click to show all stack frames</a>
<div class='stack-trace' id='stack-trace571340151'><pre>org.testng.SkipException: masrked as no run
	at hybridFramework.uiautomation.productpage.TC001_SelectProduct.productdetails(TC001_SelectProduct.java:82)
	at sun.reflect.NativeMethodAccessorImpl.invoke0(Native Method)
	at sun.reflect.NativeMethodAccessorImpl.invoke(Unknown Source)
	at sun.reflect.DelegatingMethodAccessorImpl.invoke(Unknown Source)
	at java.lang.reflect.Method.invoke(Unknown Source)
	at org.testng.internal.MethodInvocationHelper.invokeMethod(MethodInvocationHelper.java:104)
	at org.testng.internal.Invoker.invokeMethod(Invoker.java:645)
	at org.testng.internal.Invoker.invokeTestMethod(Invoker.java:851)
	at org.testng.internal.Invoker.invokeTestMethods(Invoker.java:1177)
	at org.testng.internal.TestMethodWorker.invokeTestMethods(TestMethodWorker.java:129)
	at org.testng.internal.TestMethodWorker.run(TestMethodWorker.java:112)
	at java.util.concurrent.ThreadPoolExecutor.runWorker(Unknown Source)
	at java.util.concurrent.ThreadPoolExecutor$Worker.run(Unknown Source)
	at java.lang.Thread.run(Unknown Source)
</pre></div></td>
<td>0</td>
<td>hybridFramework.uiautomation.productpage.TC001_SelectProduct@5cb9f472</td></tr>
<tr>
<td title='hybridFramework.uiautomation.productpage.TC001_SelectProduct.productdetails()'><b>productdetails</b><br>Test class: hybridFramework.uiautomation.productpage.TC001_SelectProduct<br>Parameters: 3, n</td>
<td><div><pre>org.testng.SkipException: masrked as no run
	at hybridFramework.uiautomation.productpage.TC001_SelectProduct.productdetails(TC001_SelectProduct.java:82)
	at java.util.concurrent.ThreadPoolExecutor.runWorker(Unknown Source)
	at java.util.concurrent.ThreadPoolExecutor$Worker.run(Unknown Source)
	at java.lang.Thread.run(Unknown Source)
... Removed 10 stack frames</pre></div><a href='#' onClick='toggleBox("stack-trace826529976", this, "Click to show all stack frames", "Click to hide stack frames")'>Click to show all stack frames</a>
<div class='stack-trace' id='stack-trace826529976'><pre>org.testng.SkipException: masrked as no run
	at hybridFramework.uiautomation.productpage.TC001_SelectProduct.productdetails(TC001_SelectProduct.java:82)
	at sun.reflect.NativeMethodAccessorImpl.invoke0(Native Method)
	at sun.reflect.NativeMethodAccessorImpl.invoke(Unknown Source)
	at sun.reflect.DelegatingMethodAccessorImpl.invoke(Unknown Source)
	at java.lang.reflect.Method.invoke(Unknown Source)
	at org.testng.internal.MethodInvocationHelper.invokeMethod(MethodInvocationHelper.java:104)
	at org.testng.internal.Invoker.invokeMethod(Invoker.java:645)
	at org.testng.internal.Invoker.invokeTestMethod(Invoker.java:851)
	at org.testng.internal.Invoker.invokeTestMethods(Invoker.java:1177)
	at org.testng.internal.TestMethodWorker.invokeTestMethods(TestMethodWorker.java:129)
	at org.testng.internal.TestMethodWorker.run(TestMethodWorker.java:112)
	at java.util.concurrent.ThreadPoolExecutor.runWorker(Unknown Source)
	at java.util.concurrent.ThreadPoolExecutor$Worker.run(Unknown Source)
	at java.lang.Thread.run(Unknown Source)
</pre></div></td>
<td>0</td>
<td>hybridFramework.uiautomation.productpage.TC001_SelectProduct@5cb9f472</td></tr>
<tr>
<td title='hybridFramework.uiautomation.productpage.TC001_SelectProduct.productdetails()'><b>productdetails</b><br>Test class: hybridFramework.uiautomation.productpage.TC001_SelectProduct<br>Parameters: 5, n</td>
<td><div><pre>org.testng.SkipException: masrked as no run
	at hybridFramework.uiautomation.productpage.TC001_SelectProduct.productdetails(TC001_SelectProduct.java:82)
	at java.util.concurrent.ThreadPoolExecutor.runWorker(Unknown Source)
	at java.util.concurrent.ThreadPoolExecutor$Worker.run(Unknown Source)
	at java.lang.Thread.run(Unknown Source)
... Removed 10 stack frames</pre></div><a href='#' onClick='toggleBox("stack-trace1695519590", this, "Click to show all stack frames", "Click to hide stack frames")'>Click to show all stack frames</a>
<div class='stack-trace' id='stack-trace1695519590'><pre>org.testng.SkipException: masrked as no run
	at hybridFramework.uiautomation.productpage.TC001_SelectProduct.productdetails(TC001_SelectProduct.java:82)
	at sun.reflect.NativeMethodAccessorImpl.invoke0(Native Method)
	at sun.reflect.NativeMethodAccessorImpl.invoke(Unknown Source)
	at sun.reflect.DelegatingMethodAccessorImpl.invoke(Unknown Source)
	at java.lang.reflect.Method.invoke(Unknown Source)
	at org.testng.internal.MethodInvocationHelper.invokeMethod(MethodInvocationHelper.java:104)
	at org.testng.internal.Invoker.invokeMethod(Invoker.java:645)
	at org.testng.internal.Invoker.invokeTestMethod(Invoker.java:851)
	at org.testng.internal.Invoker.invokeTestMethods(Invoker.java:1177)
	at org.testng.internal.TestMethodWorker.invokeTestMethods(TestMethodWorker.java:129)
	at org.testng.internal.TestMethodWorker.run(TestMethodWorker.java:112)
	at java.util.concurrent.ThreadPoolExecutor.runWorker(Unknown Source)
	at java.util.concurrent.ThreadPoolExecutor$Worker.run(Unknown Source)
	at java.lang.Thread.run(Unknown Source)
</pre></div></td>
<td>0</td>
<td>hybridFramework.uiautomation.productpage.TC001_SelectProduct@5cb9f472</td></tr>
<tr>
<td title='hybridFramework.uiautomation.productpage.TC001_SelectProduct.productdetails()'><b>productdetails</b><br>Test class: hybridFramework.uiautomation.productpage.TC001_SelectProduct<br>Parameters: 6, n</td>
<td><div><pre>org.testng.SkipException: masrked as no run
	at hybridFramework.uiautomation.productpage.TC001_SelectProduct.productdetails(TC001_SelectProduct.java:82)
	at java.util.concurrent.ThreadPoolExecutor.runWorker(Unknown Source)
	at java.util.concurrent.ThreadPoolExecutor$Worker.run(Unknown Source)
	at java.lang.Thread.run(Unknown Source)
... Removed 10 stack frames</pre></div><a href='#' onClick='toggleBox("stack-trace579474265", this, "Click to show all stack frames", "Click to hide stack frames")'>Click to show all stack frames</a>
<div class='stack-trace' id='stack-trace579474265'><pre>org.testng.SkipException: masrked as no run
	at hybridFramework.uiautomation.productpage.TC001_SelectProduct.productdetails(TC001_SelectProduct.java:82)
	at sun.reflect.NativeMethodAccessorImpl.invoke0(Native Method)
	at sun.reflect.NativeMethodAccessorImpl.invoke(Unknown Source)
	at sun.reflect.DelegatingMethodAccessorImpl.invoke(Unknown Source)
	at java.lang.reflect.Method.invoke(Unknown Source)
	at org.testng.internal.MethodInvocationHelper.invokeMethod(MethodInvocationHelper.java:104)
	at org.testng.internal.Invoker.invokeMethod(Invoker.java:645)
	at org.testng.internal.Invoker.invokeTestMethod(Invoker.java:851)
	at org.testng.internal.Invoker.invokeTestMethods(Invoker.java:1177)
	at org.testng.internal.TestMethodWorker.invokeTestMethods(TestMethodWorker.java:129)
	at org.testng.internal.TestMethodWorker.run(TestMethodWorker.java:112)
	at java.util.concurrent.ThreadPoolExecutor.runWorker(Unknown Source)
	at java.util.concurrent.ThreadPoolExecutor$Worker.run(Unknown Source)
	at java.lang.Thread.run(Unknown Source)
</pre></div></td>
<td>0</td>
<td>hybridFramework.uiautomation.productpage.TC001_SelectProduct@5cb9f472</td></tr>
</table><p>
</body>
</html>